<?xml version="1.0" encoding="UTF-8"?>
<!-- Generated by org.testng.reporters.JUnitXMLReporter -->
<testsuite ignored="0" hostname="Vivaan" failures="0" tests="6" name="Default test" time="0.074" errors="0" timestamp="2023-03-30T04:40:12 CDT">
  <testcase classname="TestSuite1.module1" name="login" time="0.013"/>
  <testcase classname="TestSuite1.module1" name="login" time="0.002"/>
  <testcase classname="TestSuite1.module1" name="test" time="0.001"/>
  <testcase classname="TestSuite1.module1" name="testcase001" time="0.001"/>
  <testcase classname="TestSuite1.module1" name="testcase002" time="0.001"/>
  <testcase classname="TestSuite1.module1" name="testcase003" time="0.002"/>
</testsuite> <!-- Default test -->
