<?xml version="1.0" encoding="UTF-8"?>
<!-- Generated by org.testng.reporters.JUnitXMLReporter -->
<testsuite ignored="5" hostname="Vivaan" failures="0" tests="3" name="Sanity" time="0.05" errors="0" timestamp="2022-12-16T18:05:47 CST">
  <testcase classname="TestSuite1.module1" name="testcase002" time="0.005"/>
  <testcase classname="TestSuite1.module2" name="testcase003" time="0.007"/>
  <testcase classname="TestSuite1.module1" name="testcase001" time="0.006"/>
  <testcase classname="TestSuite1.module1" name="login" time="0.0">
    <ignored/>
  </testcase> <!-- login -->
  <testcase classname="TestSuite1.module1" name="test" time="0.0">
    <ignored/>
  </testcase> <!-- test -->
  <testcase classname="TestSuite1.module2" name="testcase001" time="0.0">
    <ignored/>
  </testcase> <!-- testcase001 -->
  <testcase classname="TestSuite1.module1" name="testcase003" time="0.0">
    <ignored/>
  </testcase> <!-- testcase003 -->
  <testcase classname="TestSuite1.module2" name="testcase002" time="0.0">
    <ignored/>
  </testcase> <!-- testcase002 -->
</testsuite> <!-- Sanity -->
