<?xml version="1.0" encoding="UTF-8"?>
<testng-results ignored="0" total="6" passed="6" failed="0" skipped="0">
  <reporter-output>
  </reporter-output>
  <suite started-at="2023-03-30T04:40:11 CDT" name="Default suite" finished-at="2023-03-30T04:40:12 CDT" duration-ms="74">
    <groups>
      <group name="Sanity">
        <method signature="module1.test()[pri:0, instance:TestSuite1.module1@550dbc7a]" name="test" class="TestSuite1.module1"/>
      </group> <!-- Sanity -->
    </groups>
    <test started-at="2023-03-30T04:40:11 CDT" name="Default test" finished-at="2023-03-30T04:40:12 CDT" duration-ms="74">
      <class name="TestSuite1.module1">
        <test-method is-config="true" signature="beforesuite()[pri:0, instance:TestSuite1.module1@550dbc7a]" started-at="2023-03-30T04:40:11 CDT" name="beforesuite" finished-at="2023-03-30T04:40:11 CDT" duration-ms="16" status="PASS">
          <reporter-output>
          </reporter-output>
        </test-method> <!-- beforesuite -->
        <test-method is-config="true" signature="beforetest()[pri:0, instance:TestSuite1.module1@550dbc7a]" started-at="2023-03-30T04:40:11 CDT" name="beforetest" finished-at="2023-03-30T04:40:11 CDT" duration-ms="0" status="PASS">
          <reporter-output>
          </reporter-output>
        </test-method> <!-- beforetest -->
        <test-method is-config="true" signature="beforeclass()[pri:0, instance:TestSuite1.module1@550dbc7a]" started-at="2023-03-30T04:40:11 CDT" name="beforeclass" finished-at="2023-03-30T04:40:11 CDT" duration-ms="1" status="PASS">
          <reporter-output>
          </reporter-output>
        </test-method> <!-- beforeclass -->
        <test-method is-config="true" signature="beformethod()[pri:0, instance:TestSuite1.module1@550dbc7a]" started-at="2023-03-30T04:40:11 CDT" name="beformethod" finished-at="2023-03-30T04:40:11 CDT" duration-ms="0" status="PASS">
          <reporter-output>
          </reporter-output>
        </test-method> <!-- beformethod -->
        <test-method signature="login(java.lang.String,java.lang.String)[pri:0, instance:TestSuite1.module1@550dbc7a]" started-at="2023-03-30T04:40:11 CDT" name="login" data-provider="dataforlogin" finished-at="2023-03-30T04:40:12 CDT" duration-ms="13" status="PASS">
          <params>
            <param index="0">
              <value>
                <![CDATA[username]]>
              </value>
            </param>
            <param index="1">
              <value>
                <![CDATA[Password]]>
              </value>
            </param>
          </params>
          <reporter-output>
          </reporter-output>
        </test-method> <!-- login -->
        <test-method is-config="true" signature="aftermethod()[pri:0, instance:TestSuite1.module1@550dbc7a]" started-at="2023-03-30T04:40:12 CDT" name="aftermethod" finished-at="2023-03-30T04:40:12 CDT" duration-ms="0" status="PASS">
          <reporter-output>
          </reporter-output>
        </test-method> <!-- aftermethod -->
        <test-method signature="login(java.lang.String,java.lang.String)[pri:0, instance:TestSuite1.module1@550dbc7a]" started-at="2023-03-30T04:40:12 CDT" name="login" data-provider="dataforlogin" finished-at="2023-03-30T04:40:12 CDT" duration-ms="2" status="PASS">
          <params>
            <param index="0">
              <value>
                <![CDATA[username]]>
              </value>
            </param>
            <param index="1">
              <value>
                <![CDATA[Password]]>
              </value>
            </param>
          </params>
          <reporter-output>
          </reporter-output>
        </test-method> <!-- login -->
        <test-method is-config="true" signature="beformethod()[pri:0, instance:TestSuite1.module1@550dbc7a]" started-at="2023-03-30T04:40:12 CDT" name="beformethod" finished-at="2023-03-30T04:40:12 CDT" duration-ms="0" status="PASS">
          <reporter-output>
          </reporter-output>
        </test-method> <!-- beformethod -->
        <test-method is-config="true" signature="aftermethod()[pri:0, instance:TestSuite1.module1@550dbc7a]" started-at="2023-03-30T04:40:12 CDT" name="aftermethod" finished-at="2023-03-30T04:40:12 CDT" duration-ms="1" status="PASS">
          <reporter-output>
          </reporter-output>
        </test-method> <!-- aftermethod -->
        <test-method is-config="true" signature="beformethod()[pri:0, instance:TestSuite1.module1@550dbc7a]" started-at="2023-03-30T04:40:12 CDT" name="beformethod" finished-at="2023-03-30T04:40:12 CDT" duration-ms="1" status="PASS">
          <reporter-output>
          </reporter-output>
        </test-method> <!-- beformethod -->
        <test-method signature="test()[pri:0, instance:TestSuite1.module1@550dbc7a]" started-at="2023-03-30T04:40:12 CDT" name="test" finished-at="2023-03-30T04:40:12 CDT" duration-ms="1" status="PASS">
          <reporter-output>
          </reporter-output>
        </test-method> <!-- test -->
        <test-method is-config="true" signature="aftermethod()[pri:0, instance:TestSuite1.module1@550dbc7a]" started-at="2023-03-30T04:40:12 CDT" name="aftermethod" finished-at="2023-03-30T04:40:12 CDT" duration-ms="1" status="PASS">
          <reporter-output>
          </reporter-output>
        </test-method> <!-- aftermethod -->
        <test-method signature="testcase001()[pri:0, instance:TestSuite1.module1@550dbc7a]" started-at="2023-03-30T04:40:12 CDT" name="testcase001" finished-at="2023-03-30T04:40:12 CDT" duration-ms="1" status="PASS">
          <reporter-output>
          </reporter-output>
        </test-method> <!-- testcase001 -->
        <test-method is-config="true" signature="beformethod()[pri:0, instance:TestSuite1.module1@550dbc7a]" started-at="2023-03-30T04:40:12 CDT" name="beformethod" finished-at="2023-03-30T04:40:12 CDT" duration-ms="0" status="PASS">
          <reporter-output>
          </reporter-output>
        </test-method> <!-- beformethod -->
        <test-method is-config="true" signature="aftermethod()[pri:0, instance:TestSuite1.module1@550dbc7a]" started-at="2023-03-30T04:40:12 CDT" name="aftermethod" finished-at="2023-03-30T04:40:12 CDT" duration-ms="1" status="PASS">
          <reporter-output>
          </reporter-output>
        </test-method> <!-- aftermethod -->
        <test-method signature="testcase002()[pri:0, instance:TestSuite1.module1@550dbc7a]" started-at="2023-03-30T04:40:12 CDT" name="testcase002" finished-at="2023-03-30T04:40:12 CDT" duration-ms="1" status="PASS">
          <reporter-output>
          </reporter-output>
        </test-method> <!-- testcase002 -->
        <test-method is-config="true" signature="beformethod()[pri:0, instance:TestSuite1.module1@550dbc7a]" started-at="2023-03-30T04:40:12 CDT" name="beformethod" finished-at="2023-03-30T04:40:12 CDT" duration-ms="0" status="PASS">
          <reporter-output>
          </reporter-output>
        </test-method> <!-- beformethod -->
        <test-method is-config="true" signature="aftermethod()[pri:0, instance:TestSuite1.module1@550dbc7a]" started-at="2023-03-30T04:40:12 CDT" name="aftermethod" finished-at="2023-03-30T04:40:12 CDT" duration-ms="1" status="PASS">
          <reporter-output>
          </reporter-output>
        </test-method> <!-- aftermethod -->
        <test-method signature="testcase003()[pri:0, instance:TestSuite1.module1@550dbc7a]" started-at="2023-03-30T04:40:12 CDT" name="testcase003" finished-at="2023-03-30T04:40:12 CDT" duration-ms="2" status="PASS">
          <reporter-output>
          </reporter-output>
        </test-method> <!-- testcase003 -->
        <test-method is-config="true" signature="beformethod()[pri:0, instance:TestSuite1.module1@550dbc7a]" started-at="2023-03-30T04:40:12 CDT" name="beformethod" finished-at="2023-03-30T04:40:12 CDT" duration-ms="0" status="PASS">
          <reporter-output>
          </reporter-output>
        </test-method> <!-- beformethod -->
        <test-method is-config="true" signature="aftermethod()[pri:0, instance:TestSuite1.module1@550dbc7a]" started-at="2023-03-30T04:40:12 CDT" name="aftermethod" finished-at="2023-03-30T04:40:12 CDT" duration-ms="1" status="PASS">
          <reporter-output>
          </reporter-output>
        </test-method> <!-- aftermethod -->
        <test-method is-config="true" signature="afterclass()[pri:0, instance:TestSuite1.module1@550dbc7a]" started-at="2023-03-30T04:40:12 CDT" name="afterclass" finished-at="2023-03-30T04:40:12 CDT" duration-ms="1" status="PASS">
          <reporter-output>
          </reporter-output>
        </test-method> <!-- afterclass -->
        <test-method is-config="true" signature="aftertest()[pri:0, instance:TestSuite1.module1@550dbc7a]" started-at="2023-03-30T04:40:12 CDT" name="aftertest" finished-at="2023-03-30T04:40:12 CDT" duration-ms="0" status="PASS">
          <reporter-output>
          </reporter-output>
        </test-method> <!-- aftertest -->
        <test-method is-config="true" signature="aftersuite()[pri:0, instance:TestSuite1.module1@550dbc7a]" started-at="2023-03-30T04:40:12 CDT" name="aftersuite" finished-at="2023-03-30T04:40:12 CDT" duration-ms="0" status="PASS">
          <reporter-output>
          </reporter-output>
        </test-method> <!-- aftersuite -->
      </class> <!-- TestSuite1.module1 -->
    </test> <!-- Default test -->
  </suite> <!-- Default suite -->
</testng-results>
